2024-02-15 11:44:30,050 - Scraping_Scholarshipportal - INFO - Function Called
2024-02-15 11:44:30,050 - WDM - INFO - ====== WebDriver manager ======
2024-02-15 11:44:30,230 - WDM - INFO - Get LATEST chromedriver version for google-chrome
2024-02-15 11:44:30,282 - WDM - INFO - Get LATEST chromedriver version for google-chrome
2024-02-15 11:44:30,316 - WDM - INFO - Driver [/Users/lohithishanbalasubramaniyanstu/.wdm/drivers/chromedriver/mac64/121.0.6167.85/chromedriver-mac-arm64/chromedriver] found in cache
2024-02-15 11:44:34,088 - WDM - INFO - ====== WebDriver manager ======
2024-02-15 11:44:34,275 - WDM - INFO - Get LATEST chromedriver version for google-chrome
2024-02-15 11:44:34,330 - WDM - INFO - Get LATEST chromedriver version for google-chrome
2024-02-15 11:44:34,369 - WDM - INFO - Driver [/Users/lohithishanbalasubramaniyanstu/.wdm/drivers/chromedriver/mac64/121.0.6167.85/chromedriver-mac-arm64/chromedriver] found in cache
2024-02-15 11:44:41,829 - Scraping_Scholarshipportal - INFO - Scraped page 1
2024-02-15 11:44:52,148 - Scraping_Scholarshipportal - INFO - Scraped page 2
2024-02-15 11:45:02,226 - Scraping_Scholarshipportal - INFO - Scraped page 3
2024-02-15 11:45:12,078 - Scraping_Scholarshipportal - INFO - Scraped page 4
2024-02-15 11:45:20,806 - Scraping_Scholarshipportal - INFO - No more scholarships found: Continuing to scrape details
2024-02-15 11:45:22,579 - Scraping_Scholarshipportal - INFO - Starting...
2024-02-15 11:45:28,954 - Scraping_Scholarshipportal - INFO - Scraped: https://www.scholarshipportal.com/scholarship/empowering-ghanaian-students-yaqoob-scholarships-by-shirinieorg-1
2024-02-15 11:45:34,227 - Scraping_Scholarshipportal - INFO - Scraped: https://www.scholarshipportal.com/scholarship/scholarships-for-japanese-students
2024-02-15 11:45:39,524 - Scraping_Scholarshipportal - INFO - Scraped: https://www.scholarshipportal.com/scholarship/vsbfonds-grant
2024-02-15 11:45:44,572 - Scraping_Scholarshipportal - INFO - Scraped: https://www.scholarshipportal.com/scholarship/individual-travel-grant
2024-02-15 11:45:49,073 - Scraping_Scholarshipportal - INFO - Scraped: https://www.scholarshipportal.com/scholarship/the-annual-ieltsing-scholarship-1
2024-02-15 11:45:55,759 - Scraping_Scholarshipportal - INFO - Scraped: https://www.scholarshipportal.com/scholarship/world-universities-ramsay-postgraduate-scholarship
2024-02-15 11:46:00,831 - Scraping_Scholarshipportal - INFO - Scraped: https://www.scholarshipportal.com/scholarship/vrl-scholarship-program
2024-02-15 11:46:06,578 - Scraping_Scholarshipportal - INFO - Scraped: https://www.scholarshipportal.com/scholarship/aapg-foundation-grants-in-aid
2024-02-15 11:46:13,663 - Scraping_Scholarshipportal - INFO - Scraped: https://www.scholarshipportal.com/scholarship/high-school-essay-contest
2024-02-15 11:46:19,780 - Scraping_Scholarshipportal - INFO - Scraped: https://www.scholarshipportal.com/scholarship/pearl-lemon-scholarship
2024-02-15 11:46:27,426 - Scraping_Scholarshipportal - INFO - Scraped: https://www.scholarshipportal.com/scholarship/the-hope-for-healing-scholarship
2024-02-15 11:46:33,628 - Scraping_Scholarshipportal - INFO - Scraped: https://www.scholarshipportal.com/scholarship/dr-martin-blank-syb-scholarship
2024-02-15 11:46:38,872 - Scraping_Scholarshipportal - INFO - Scraped: https://www.scholarshipportal.com/scholarship/drs-anthony-and-joanne-edmonds-study-abroad-scholarship
2024-02-15 11:46:40,545 - bs4.dammit - WARNING - Some characters could not be decoded, and were replaced with REPLACEMENT CHARACTER.
2024-02-15 11:46:46,045 - Scraping_Scholarshipportal - INFO - Scraped: https://www.scholarshipportal.com/scholarship/visionary-women-scholarship
2024-02-15 11:46:54,235 - Scraping_Scholarshipportal - INFO - Scraped: https://www.scholarshipportal.com/scholarship/global-diversity-scholarship
2024-02-15 11:47:01,316 - Scraping_Scholarshipportal - INFO - Scraped: https://www.scholarshipportal.com/scholarship/venture-scholarship
2024-02-15 11:47:11,091 - Scraping_Scholarshipportal - INFO - Scraped: https://www.scholarshipportal.com/scholarship/tomorrows-purpose-scholarship
2024-02-15 11:47:20,035 - Scraping_Scholarshipportal - INFO - Scraped: https://www.scholarshipportal.com/scholarship/deans-list-scholarship
2024-02-15 11:47:26,485 - Scraping_Scholarshipportal - INFO - Scraped: https://www.scholarshipportal.com/scholarship/diversity-scholarships
2024-02-15 11:47:36,693 - Scraping_Scholarshipportal - INFO - Scraped: https://www.scholarshipportal.com/scholarship/merit-scholarships-2
2024-02-15 11:47:44,835 - Scraping_Scholarshipportal - INFO - Scraped: https://www.scholarshipportal.com/scholarship/anonymous-hope-fund-1
2024-02-15 11:47:51,972 - Scraping_Scholarshipportal - INFO - Scraped: https://www.scholarshipportal.com/scholarship/erasmus-mundus-joint-masters-scholarships
2024-02-15 11:47:58,273 - Scraping_Scholarshipportal - INFO - Scraped: https://www.scholarshipportal.com/scholarship/ntu-university-scholars-programme-ntu-usp-scholarship-1
2024-02-15 11:48:07,921 - Scraping_Scholarshipportal - INFO - Scraped: https://www.scholarshipportal.com/scholarship/global-business-scholarship-at-s-p-jain-school-of-global-management-1
2024-02-15 11:48:14,658 - Scraping_Scholarshipportal - INFO - Scraped: https://www.scholarshipportal.com/scholarship/school-scholarship-nanyang-technological-university-1
2024-02-15 11:48:21,350 - Scraping_Scholarshipportal - INFO - Scraped: https://www.scholarshipportal.com/scholarship/hdb-mid-term-scholarship
2024-02-15 11:48:28,617 - Scraping_Scholarshipportal - INFO - Scraped: https://www.scholarshipportal.com/scholarship/the-hdb-undergraduate-scholarship-1
2024-02-15 11:48:35,444 - Scraping_Scholarshipportal - INFO - Scraped: https://www.scholarshipportal.com/scholarship/lky-step-award-1
2024-02-15 11:48:42,709 - Scraping_Scholarshipportal - INFO - Scraped: https://www.scholarshipportal.com/scholarship/wee-cho-yaw-future-leaders-award-1
2024-02-15 11:48:48,095 - Scraping_Scholarshipportal - INFO - Scraped: https://www.scholarshipportal.com/scholarship/nanyang-scholarship
2024-02-15 11:48:53,416 - Scraping_Scholarshipportal - INFO - Scraped: https://www.scholarshipportal.com/scholarship/college-scholarship-1
2024-02-15 11:49:01,335 - Scraping_Scholarshipportal - INFO - Scraped: https://www.scholarshipportal.com/scholarship/education-future-international-scholarship-1
2024-02-15 11:49:08,232 - Scraping_Scholarshipportal - INFO - Scraped: https://www.scholarshipportal.com/scholarship/rotary-foundation-global-scholarship-grants-for-development
2024-02-15 11:49:15,130 - Scraping_Scholarshipportal - INFO - Scraped: https://www.scholarshipportal.com/scholarship/moe-au-scholarship-for-singaporean-students
2024-02-15 11:49:20,671 - Scraping_Scholarshipportal - INFO - Scraped: https://www.scholarshipportal.com/scholarship/chinese-studies-major-scholarship-1
2024-02-15 11:49:27,557 - Scraping_Scholarshipportal - INFO - Scraped: https://www.scholarshipportal.com/scholarship/wee-kim-wee-legacy-fund-undergraduate-scholarship-1
2024-02-15 11:49:32,647 - Scraping_Scholarshipportal - INFO - Scraped: https://www.scholarshipportal.com/scholarship/scccf-chinese-studies-scholarship-1
2024-02-15 11:49:39,774 - Scraping_Scholarshipportal - INFO - Scraped: https://www.scholarshipportal.com/scholarship/the-cocoa-trees-scholarship-in-chinese-studies-1
2024-02-15 11:49:46,360 - Scraping_Scholarshipportal - INFO - Scraped: https://www.scholarshipportal.com/scholarship/wan-boo-sow-chinese-studies-scholarship-1
2024-02-15 11:49:53,200 - Scraping_Scholarshipportal - INFO - Scraped: https://www.scholarshipportal.com/scholarship/chen-sing-wu-chinese-studies-scholarship-1
2024-02-15 11:49:59,321 - Scraping_Scholarshipportal - INFO - Scraped: https://www.scholarshipportal.com/scholarship/nanyang-scholarship-cn-yang-scholars-programme-1
2024-02-15 11:50:04,564 - Scraping_Scholarshipportal - INFO - Scraped: https://www.scholarshipportal.com/scholarship/renaissance-engineering-programme-scholarship-reps-1
2024-02-15 11:50:09,757 - Scraping_Scholarshipportal - INFO - Scraped: https://www.scholarshipportal.com/scholarship/university-engineering-scholarship-1
2024-02-15 11:50:16,880 - Scraping_Scholarshipportal - INFO - Scraped: https://www.scholarshipportal.com/scholarship/gic-mendaki-scholarship-1
2024-02-15 11:50:25,956 - Scraping_Scholarshipportal - INFO - Scraped: https://www.scholarshipportal.com/scholarship/gic-scholarship
2024-02-15 11:50:31,409 - Scraping_Scholarshipportal - INFO - Scraped: https://www.scholarshipportal.com/scholarship/singapore-academy-of-law-undergraduate-scholarship-1
2024-02-15 11:50:36,276 - Scraping_Scholarshipportal - INFO - Scraped: https://www.scholarshipportal.com/scholarship/humanities-arts-and-social-sciences-scholarship-1
2024-02-15 11:50:44,609 - Scraping_Scholarshipportal - INFO - Scraped: https://www.scholarshipportal.com/scholarship/spd-study-award-1
2024-02-15 11:50:49,444 - Scraping_Scholarshipportal - INFO - Scraped: https://www.scholarshipportal.com/scholarship/e-w-barker-scholarship
2024-02-15 11:50:57,257 - Scraping_Scholarshipportal - INFO - Scraped: https://www.scholarshipportal.com/scholarship/toh-kian-chui-scholarship
2024-02-15 11:51:03,810 - Scraping_Scholarshipportal - INFO - Scraped: https://www.scholarshipportal.com/scholarship/lkcmedicine-scholarship-1
2024-02-15 11:51:10,977 - Scraping_Scholarshipportal - INFO - Scraped: https://www.scholarshipportal.com/scholarship/ng-ghit-cheong-foundation-scholarship-1
2024-02-15 11:51:17,180 - Scraping_Scholarshipportal - INFO - Scraped: https://www.scholarshipportal.com/scholarship/irene-tan-liang-kheng-scholarship-1
2024-02-15 11:51:26,180 - Scraping_Scholarshipportal - INFO - Scraped: https://www.scholarshipportal.com/scholarship/sim-yung-chong-medical-scholarship-1
2024-02-15 11:51:30,556 - Scraping_Scholarshipportal - INFO - Ended...
2024-02-16 06:02:30,709 - Scraping_Scholarshipportal - INFO - Function Called
2024-02-16 06:02:30,753 - WDM - INFO - ====== WebDriver manager ======
2024-02-16 06:02:30,935 - WDM - INFO - Get LATEST chromedriver version for google-chrome
2024-02-16 06:02:30,995 - WDM - INFO - Get LATEST chromedriver version for google-chrome
2024-02-16 06:02:31,029 - WDM - INFO - Driver [/Users/lohithishanbalasubramaniyanstu/.wdm/drivers/chromedriver/mac64/121.0.6167.85/chromedriver-mac-x64/chromedriver] found in cache
2024-02-16 06:02:43,337 - Scraping_Scholarshipportal - INFO - Scraped page 1
2024-02-16 06:02:53,734 - Scraping_Scholarshipportal - INFO - Scraped page 2
2024-02-16 06:03:03,570 - Scraping_Scholarshipportal - INFO - Scraped page 3
2024-02-16 06:03:13,409 - Scraping_Scholarshipportal - INFO - Scraped page 4
2024-02-16 06:03:22,657 - Scraping_Scholarshipportal - INFO - No more scholarships found: Continuing to scrape details
2024-02-16 06:03:25,469 - Scraping_Scholarshipportal - INFO - Starting...
2024-02-16 06:03:34,552 - Scraping_Scholarshipportal - INFO - Scraped: https://www.scholarshipportal.com/scholarship/scholarships-for-japanese-students
2024-02-16 06:03:37,448 - WDM - INFO - ====== WebDriver manager ======
2024-02-16 06:03:37,550 - WDM - INFO - Get LATEST chromedriver version for google-chrome
2024-02-16 06:03:37,589 - WDM - INFO - Get LATEST chromedriver version for google-chrome
2024-02-16 06:03:37,625 - WDM - INFO - Driver [/Users/lohithishanbalasubramaniyanstu/.wdm/drivers/chromedriver/mac64/121.0.6167.85/chromedriver-mac-x64/chromedriver] found in cache
2024-02-16 06:03:42,037 - Scraping_Scholarshipportal - INFO - Scraped: https://www.scholarshipportal.com/scholarship/the-annual-ieltsing-scholarship-1
2024-02-16 06:03:49,372 - Scraping_Scholarshipportal - INFO - Scraped: https://www.scholarshipportal.com/scholarship/vsbfonds-grant
2024-02-16 06:03:56,231 - Scraping_Scholarshipportal - INFO - Scraped: https://www.scholarshipportal.com/scholarship/individual-travel-grant
2024-02-16 06:04:03,351 - Scraping_Scholarshipportal - INFO - Scraped: https://www.scholarshipportal.com/scholarship/empowering-ghanaian-students-yaqoob-scholarships-by-shirinieorg-1
2024-02-16 06:04:10,292 - Scraping_Scholarshipportal - INFO - Scraped: https://www.scholarshipportal.com/scholarship/world-universities-ramsay-postgraduate-scholarship
2024-02-16 06:04:15,558 - WDM - INFO - ====== WebDriver manager ======
2024-02-16 06:04:15,703 - WDM - INFO - Get LATEST chromedriver version for google-chrome
2024-02-16 06:04:15,741 - WDM - INFO - Get LATEST chromedriver version for google-chrome
2024-02-16 06:04:15,775 - WDM - INFO - Driver [/Users/lohithishanbalasubramaniyanstu/.wdm/drivers/chromedriver/mac64/121.0.6167.85/chromedriver-mac-x64/chromedriver] found in cache
2024-02-16 06:04:17,177 - Scraping_Scholarshipportal - INFO - Scraped: https://www.scholarshipportal.com/scholarship/vrl-scholarship-program
2024-02-16 06:04:24,149 - Scraping_Scholarshipportal - INFO - Scraped: https://www.scholarshipportal.com/scholarship/aapg-foundation-grants-in-aid
2024-02-16 06:04:31,160 - Scraping_Scholarshipportal - INFO - Scraped: https://www.scholarshipportal.com/scholarship/high-school-essay-contest
2024-02-16 06:04:38,521 - Scraping_Scholarshipportal - INFO - Scraped: https://www.scholarshipportal.com/scholarship/pearl-lemon-scholarship
2024-02-16 06:05:13,185 - Scraping_Scholarshipportal - INFO - Function Called
2024-02-16 06:05:13,189 - WDM - INFO - ====== WebDriver manager ======
2024-02-16 06:05:13,321 - WDM - INFO - Get LATEST chromedriver version for google-chrome
2024-02-16 06:05:13,372 - WDM - INFO - Get LATEST chromedriver version for google-chrome
2024-02-16 06:05:13,429 - WDM - INFO - Driver [/Users/lohithishanbalasubramaniyanstu/.wdm/drivers/chromedriver/mac64/121.0.6167.85/chromedriver-mac-x64/chromedriver] found in cache
2024-02-16 06:05:25,552 - Scraping_Scholarshipportal - INFO - Scraped page 1
2024-02-16 06:05:35,991 - Scraping_Scholarshipportal - INFO - Scraped page 2
2024-02-16 06:05:45,984 - Scraping_Scholarshipportal - INFO - Scraped page 3
2024-02-16 06:05:55,991 - Scraping_Scholarshipportal - INFO - Scraped page 4
2024-02-16 06:06:20,482 - Scraping_Scholarshipportal - INFO - Function Called
2024-02-16 06:06:20,485 - WDM - INFO - ====== WebDriver manager ======
2024-02-16 06:06:20,769 - WDM - INFO - Get LATEST chromedriver version for google-chrome
2024-02-16 06:06:20,819 - WDM - INFO - Get LATEST chromedriver version for google-chrome
2024-02-16 06:06:20,866 - WDM - INFO - Driver [/Users/lohithishanbalasubramaniyanstu/.wdm/drivers/chromedriver/mac64/121.0.6167.85/chromedriver-mac-x64/chromedriver] found in cache
2024-02-16 06:06:32,818 - Scraping_Scholarshipportal - INFO - Scraped page 1
2024-02-16 06:07:15,339 - WDM - INFO - ====== WebDriver manager ======
2024-02-16 06:07:15,649 - WDM - INFO - Get LATEST chromedriver version for google-chrome
2024-02-16 06:07:15,688 - WDM - INFO - Get LATEST chromedriver version for google-chrome
2024-02-16 06:07:15,722 - WDM - INFO - Driver [/Users/lohithishanbalasubramaniyanstu/.wdm/drivers/chromedriver/mac64/121.0.6167.85/chromedriver-mac-x64/chromedriver] found in cache
2024-02-16 06:07:49,408 - WDM - INFO - ====== WebDriver manager ======
2024-02-16 06:07:49,646 - WDM - INFO - Get LATEST chromedriver version for google-chrome
2024-02-16 06:07:49,711 - WDM - INFO - Get LATEST chromedriver version for google-chrome
2024-02-16 06:07:49,814 - WDM - INFO - Driver [/Users/lohithishanbalasubramaniyanstu/.wdm/drivers/chromedriver/mac64/121.0.6167.85/chromedriver-mac-x64/chromedriver] found in cache
2024-02-16 06:08:14,667 - WDM - INFO - ====== WebDriver manager ======
2024-02-16 06:08:15,111 - WDM - INFO - Get LATEST chromedriver version for google-chrome
2024-02-16 06:08:15,150 - WDM - INFO - Get LATEST chromedriver version for google-chrome
2024-02-16 06:08:15,190 - WDM - INFO - Driver [/Users/lohithishanbalasubramaniyanstu/.wdm/drivers/chromedriver/mac64/121.0.6167.85/chromedriver-mac-x64/chromedriver] found in cache
2024-02-16 06:09:03,292 - WDM - INFO - ====== WebDriver manager ======
2024-02-16 06:09:03,445 - WDM - INFO - Get LATEST chromedriver version for google-chrome
2024-02-16 06:09:03,515 - WDM - INFO - Get LATEST chromedriver version for google-chrome
2024-02-16 06:09:03,556 - WDM - INFO - Driver [/Users/lohithishanbalasubramaniyanstu/.wdm/drivers/chromedriver/mac64/121.0.6167.85/chromedriver-mac-x64/chromedriver] found in cache
2024-02-16 06:09:30,072 - WDM - INFO - ====== WebDriver manager ======
2024-02-16 06:09:30,694 - WDM - INFO - Get LATEST chromedriver version for google-chrome
2024-02-16 06:09:30,735 - WDM - INFO - Get LATEST chromedriver version for google-chrome
2024-02-16 06:09:30,772 - WDM - INFO - Driver [/Users/lohithishanbalasubramaniyanstu/.wdm/drivers/chromedriver/mac64/121.0.6167.85/chromedriver-mac-x64/chromedriver] found in cache
2024-02-16 06:09:59,656 - WDM - INFO - ====== WebDriver manager ======
2024-02-16 06:10:00,304 - WDM - INFO - Get LATEST chromedriver version for google-chrome
2024-02-16 06:10:00,366 - WDM - INFO - Get LATEST chromedriver version for google-chrome
2024-02-16 06:10:00,434 - WDM - INFO - Driver [/Users/lohithishanbalasubramaniyanstu/.wdm/drivers/chromedriver/mac64/121.0.6167.85/chromedriver-mac-x64/chromedriver] found in cache
2024-02-16 06:10:18,734 - WDM - INFO - ====== WebDriver manager ======
2024-02-16 06:10:19,340 - WDM - INFO - Get LATEST chromedriver version for google-chrome
2024-02-16 06:10:19,399 - WDM - INFO - Get LATEST chromedriver version for google-chrome
2024-02-16 06:10:19,436 - WDM - INFO - Driver [/Users/lohithishanbalasubramaniyanstu/.wdm/drivers/chromedriver/mac64/121.0.6167.85/chromedriver-mac-x64/chromedriver] found in cache
2024-02-16 06:10:46,488 - WDM - INFO - ====== WebDriver manager ======
2024-02-16 06:10:46,589 - WDM - INFO - Get LATEST chromedriver version for google-chrome
2024-02-16 06:10:46,646 - WDM - INFO - Get LATEST chromedriver version for google-chrome
2024-02-16 06:10:46,682 - WDM - INFO - Driver [/Users/lohithishanbalasubramaniyanstu/.wdm/drivers/chromedriver/mac64/121.0.6167.85/chromedriver-mac-x64/chromedriver] found in cache
2024-02-16 06:11:11,283 - WDM - INFO - ====== WebDriver manager ======
2024-02-16 06:11:11,935 - WDM - INFO - Get LATEST chromedriver version for google-chrome
2024-02-16 06:11:11,994 - WDM - INFO - Get LATEST chromedriver version for google-chrome
2024-02-16 06:11:12,032 - WDM - INFO - Driver [/Users/lohithishanbalasubramaniyanstu/.wdm/drivers/chromedriver/mac64/121.0.6167.85/chromedriver-mac-x64/chromedriver] found in cache
2024-02-16 06:11:38,395 - WDM - INFO - ====== WebDriver manager ======
2024-02-16 06:11:38,587 - WDM - INFO - Get LATEST chromedriver version for google-chrome
2024-02-16 06:11:38,627 - WDM - INFO - Get LATEST chromedriver version for google-chrome
2024-02-16 06:11:38,668 - WDM - INFO - Driver [/Users/lohithishanbalasubramaniyanstu/.wdm/drivers/chromedriver/mac64/121.0.6167.85/chromedriver-mac-x64/chromedriver] found in cache
2024-02-16 06:12:22,394 - WDM - INFO - ====== WebDriver manager ======
2024-02-16 06:12:23,110 - WDM - INFO - Get LATEST chromedriver version for google-chrome
2024-02-16 06:12:23,173 - WDM - INFO - Get LATEST chromedriver version for google-chrome
2024-02-16 06:12:23,214 - WDM - INFO - Driver [/Users/lohithishanbalasubramaniyanstu/.wdm/drivers/chromedriver/mac64/121.0.6167.85/chromedriver-mac-x64/chromedriver] found in cache
2024-02-16 06:13:09,908 - WDM - INFO - ====== WebDriver manager ======
2024-02-16 06:13:10,462 - WDM - INFO - Get LATEST chromedriver version for google-chrome
2024-02-16 06:13:10,528 - WDM - INFO - Get LATEST chromedriver version for google-chrome
2024-02-16 06:13:10,567 - WDM - INFO - Driver [/Users/lohithishanbalasubramaniyanstu/.wdm/drivers/chromedriver/mac64/121.0.6167.85/chromedriver-mac-x64/chromedriver] found in cache
2024-02-16 06:13:53,533 - WDM - INFO - ====== WebDriver manager ======
2024-02-16 06:13:54,167 - WDM - INFO - Get LATEST chromedriver version for google-chrome
2024-02-16 06:13:54,205 - WDM - INFO - Get LATEST chromedriver version for google-chrome
2024-02-16 06:13:54,244 - WDM - INFO - Driver [/Users/lohithishanbalasubramaniyanstu/.wdm/drivers/chromedriver/mac64/121.0.6167.85/chromedriver-mac-x64/chromedriver] found in cache
2024-02-16 06:14:12,744 - WDM - INFO - ====== WebDriver manager ======
2024-02-16 06:14:13,355 - WDM - INFO - Get LATEST chromedriver version for google-chrome
2024-02-16 06:14:13,414 - WDM - INFO - Get LATEST chromedriver version for google-chrome
2024-02-16 06:14:13,450 - WDM - INFO - Driver [/Users/lohithishanbalasubramaniyanstu/.wdm/drivers/chromedriver/mac64/121.0.6167.85/chromedriver-mac-x64/chromedriver] found in cache
2024-02-16 06:14:34,870 - WDM - INFO - ====== WebDriver manager ======
2024-02-16 06:14:35,481 - WDM - INFO - Get LATEST chromedriver version for google-chrome
2024-02-16 06:14:35,545 - WDM - INFO - Get LATEST chromedriver version for google-chrome
2024-02-16 06:14:35,584 - WDM - INFO - Driver [/Users/lohithishanbalasubramaniyanstu/.wdm/drivers/chromedriver/mac64/121.0.6167.85/chromedriver-mac-x64/chromedriver] found in cache
2024-02-16 06:14:59,668 - WDM - INFO - ====== WebDriver manager ======
2024-02-16 06:15:00,332 - WDM - INFO - Get LATEST chromedriver version for google-chrome
2024-02-16 06:15:00,661 - WDM - INFO - Get LATEST chromedriver version for google-chrome
2024-02-16 06:15:00,715 - WDM - INFO - Driver [/Users/lohithishanbalasubramaniyanstu/.wdm/drivers/chromedriver/mac64/121.0.6167.85/chromedriver-mac-x64/chromedriver] found in cache
2024-02-16 06:15:32,607 - WDM - INFO - ====== WebDriver manager ======
2024-02-16 06:15:33,268 - WDM - INFO - Get LATEST chromedriver version for google-chrome
2024-02-16 06:15:33,316 - WDM - INFO - Get LATEST chromedriver version for google-chrome
2024-02-16 06:15:33,355 - WDM - INFO - Driver [/Users/lohithishanbalasubramaniyanstu/.wdm/drivers/chromedriver/mac64/121.0.6167.85/chromedriver-mac-x64/chromedriver] found in cache
2024-02-16 06:18:41,432 - Scraping_Scholarshipportal - INFO - Function Called
2024-02-16 06:18:41,432 - WDM - INFO - ====== WebDriver manager ======
2024-02-16 06:18:41,657 - WDM - INFO - Get LATEST chromedriver version for google-chrome
2024-02-16 06:18:41,708 - WDM - INFO - Get LATEST chromedriver version for google-chrome
2024-02-16 06:18:41,750 - WDM - INFO - Driver [/Users/lohithishanbalasubramaniyanstu/.wdm/drivers/chromedriver/mac64/121.0.6167.85/chromedriver-mac-x64/chromedriver] found in cache
2024-02-16 06:18:51,892 - Scraping_Scholarshipportal - INFO - Scraped page 1
2024-02-16 06:19:00,223 - Scraping_Scholarshipportal - INFO - Scraped page 2
2024-02-16 06:19:10,019 - Scraping_Scholarshipportal - INFO - Scraped page 3
2024-02-16 06:19:19,981 - Scraping_Scholarshipportal - INFO - Scraped page 4
2024-02-16 06:19:28,826 - Scraping_Scholarshipportal - INFO - No more scholarships found: Continuing to scrape details
2024-02-16 06:19:32,520 - Scraping_Scholarshipportal - INFO - Starting...
2024-02-16 06:19:40,737 - Scraping_Scholarshipportal - INFO - Scraped: https://www.scholarshipportal.com/scholarship/individual-travel-grant
2024-02-16 06:19:44,045 - WDM - INFO - ====== WebDriver manager ======
2024-02-16 06:19:44,212 - WDM - INFO - Get LATEST chromedriver version for google-chrome
2024-02-16 06:19:44,289 - WDM - INFO - Get LATEST chromedriver version for google-chrome
2024-02-16 06:19:44,372 - WDM - INFO - Driver [/Users/lohithishanbalasubramaniyanstu/.wdm/drivers/chromedriver/mac64/121.0.6167.85/chromedriver-mac-x64/chromedriver] found in cache
2024-02-16 06:19:48,391 - Scraping_Scholarshipportal - INFO - Scraped: https://www.scholarshipportal.com/scholarship/vsbfonds-grant
2024-02-16 06:19:55,734 - Scraping_Scholarshipportal - INFO - Scraped: https://www.scholarshipportal.com/scholarship/empowering-ghanaian-students-yaqoob-scholarships-by-shirinieorg-1
2024-02-16 06:20:00,983 - Scraping_Scholarshipportal - INFO - Scraped: https://www.scholarshipportal.com/scholarship/scholarships-for-japanese-students
2024-02-16 06:20:09,013 - Scraping_Scholarshipportal - INFO - Scraped: https://www.scholarshipportal.com/scholarship/the-annual-ieltsing-scholarship-1
2024-02-16 06:20:16,017 - Scraping_Scholarshipportal - INFO - Scraped: https://www.scholarshipportal.com/scholarship/world-universities-ramsay-postgraduate-scholarship
2024-02-16 06:20:17,174 - WDM - INFO - ====== WebDriver manager ======
2024-02-16 06:20:17,313 - WDM - INFO - Get LATEST chromedriver version for google-chrome
2024-02-16 06:20:17,360 - WDM - INFO - Get LATEST chromedriver version for google-chrome
2024-02-16 06:20:17,398 - WDM - INFO - Driver [/Users/lohithishanbalasubramaniyanstu/.wdm/drivers/chromedriver/mac64/121.0.6167.85/chromedriver-mac-x64/chromedriver] found in cache
2024-02-16 06:20:22,474 - Scraping_Scholarshipportal - INFO - Scraped: https://www.scholarshipportal.com/scholarship/vrl-scholarship-program
2024-02-16 06:20:29,297 - Scraping_Scholarshipportal - INFO - Scraped: https://www.scholarshipportal.com/scholarship/aapg-foundation-grants-in-aid
2024-02-16 06:20:34,295 - WDM - INFO - ====== WebDriver manager ======
2024-02-16 06:20:34,383 - WDM - INFO - Get LATEST chromedriver version for google-chrome
2024-02-16 06:20:34,418 - WDM - INFO - Get LATEST chromedriver version for google-chrome
2024-02-16 06:20:34,453 - WDM - INFO - Driver [/Users/lohithishanbalasubramaniyanstu/.wdm/drivers/chromedriver/mac64/121.0.6167.85/chromedriver-mac-x64/chromedriver] found in cache
2024-02-16 06:20:36,112 - Scraping_Scholarshipportal - INFO - Scraped: https://www.scholarshipportal.com/scholarship/high-school-essay-contest
2024-02-16 06:20:44,734 - Scraping_Scholarshipportal - INFO - Scraped: https://www.scholarshipportal.com/scholarship/pearl-lemon-scholarship
2024-02-16 06:20:52,521 - Scraping_Scholarshipportal - INFO - Scraped: https://www.scholarshipportal.com/scholarship/the-hope-for-healing-scholarship
2024-02-16 06:22:09,215 - Scraping_Scholarshipportal - INFO - Function Called
2024-02-16 06:22:09,217 - WDM - INFO - ====== WebDriver manager ======
2024-02-16 06:22:09,378 - WDM - INFO - Get LATEST chromedriver version for google-chrome
2024-02-16 06:22:09,424 - WDM - INFO - Get LATEST chromedriver version for google-chrome
2024-02-16 06:22:09,458 - WDM - INFO - Driver [/Users/lohithishanbalasubramaniyanstu/.wdm/drivers/chromedriver/mac64/121.0.6167.85/chromedriver-mac-x64/chromedriver] found in cache
2024-02-16 06:22:21,687 - Scraping_Scholarshipportal - INFO - Scraped page 1
2024-02-16 06:22:32,605 - Scraping_Scholarshipportal - INFO - Scraped page 2
2024-02-16 06:23:03,768 - WDM - INFO - ====== WebDriver manager ======
2024-02-16 06:23:04,298 - WDM - INFO - Get LATEST chromedriver version for google-chrome
2024-02-16 06:23:04,352 - WDM - INFO - Get LATEST chromedriver version for google-chrome
2024-02-16 06:23:04,388 - WDM - INFO - Driver [/Users/lohithishanbalasubramaniyanstu/.wdm/drivers/chromedriver/mac64/121.0.6167.85/chromedriver-mac-x64/chromedriver] found in cache
2024-02-16 06:23:35,759 - WDM - INFO - ====== WebDriver manager ======
2024-02-16 06:23:35,876 - WDM - INFO - Get LATEST chromedriver version for google-chrome
2024-02-16 06:23:35,921 - WDM - INFO - Get LATEST chromedriver version for google-chrome
2024-02-16 06:23:36,054 - WDM - INFO - Driver [/Users/lohithishanbalasubramaniyanstu/.wdm/drivers/chromedriver/mac64/121.0.6167.85/chromedriver-mac-x64/chromedriver] found in cache
2024-02-16 06:24:06,546 - WDM - INFO - ====== WebDriver manager ======
2024-02-16 06:24:06,684 - WDM - INFO - Get LATEST chromedriver version for google-chrome
2024-02-16 06:24:06,721 - WDM - INFO - Get LATEST chromedriver version for google-chrome
2024-02-16 06:24:06,759 - WDM - INFO - Driver [/Users/lohithishanbalasubramaniyanstu/.wdm/drivers/chromedriver/mac64/121.0.6167.85/chromedriver-mac-x64/chromedriver] found in cache
2024-02-16 07:27:09,909 - Scraping_Scholarshipportal - INFO - Function Called
2024-02-16 07:27:09,939 - WDM - INFO - ====== WebDriver manager ======
2024-02-16 07:27:10,048 - WDM - INFO - Get LATEST chromedriver version for google-chrome
2024-02-16 07:27:10,202 - WDM - INFO - Get LATEST chromedriver version for google-chrome
2024-02-16 07:27:10,388 - WDM - INFO - Driver [/Users/lohithishanbalasubramaniyanstu/.wdm/drivers/chromedriver/mac64/121.0.6167.85/chromedriver-mac-x64/chromedriver] found in cache
2024-02-16 07:27:22,649 - Scraping_Scholarshipportal - INFO - Scraped page 1
2024-02-16 07:27:31,973 - Scraping_Scholarshipportal - INFO - Scraped page 2
2024-02-16 07:27:39,969 - Scraping_Scholarshipportal - INFO - Scraped page 3
2024-02-16 07:27:48,016 - Scraping_Scholarshipportal - INFO - Scraped page 4
2024-02-16 07:27:56,831 - Scraping_Scholarshipportal - INFO - No more scholarships found: Continuing to scrape details
2024-02-16 07:27:59,257 - Scraping_Scholarshipportal - INFO - Starting...
2024-02-16 07:28:10,069 - Scraping_Scholarshipportal - INFO - Scraped: https://www.scholarshipportal.com/scholarship/vsbfonds-grant
2024-02-16 07:28:11,175 - WDM - INFO - ====== WebDriver manager ======
2024-02-16 07:28:11,296 - WDM - INFO - Get LATEST chromedriver version for google-chrome
2024-02-16 07:28:11,388 - WDM - INFO - Get LATEST chromedriver version for google-chrome
2024-02-16 07:28:11,463 - WDM - INFO - Driver [/Users/lohithishanbalasubramaniyanstu/.wdm/drivers/chromedriver/mac64/121.0.6167.85/chromedriver-mac-x64/chromedriver] found in cache
2024-02-16 07:28:18,224 - Scraping_Scholarshipportal - INFO - Scraped: https://www.scholarshipportal.com/scholarship/individual-travel-grant
2024-02-16 07:28:26,753 - Scraping_Scholarshipportal - INFO - Scraped: https://www.scholarshipportal.com/scholarship/the-annual-ieltsing-scholarship-1
2024-02-16 07:28:34,548 - Scraping_Scholarshipportal - INFO - Scraped: https://www.scholarshipportal.com/scholarship/empowering-ghanaian-students-yaqoob-scholarships-by-shirinieorg-1
2024-02-16 07:28:41,637 - Scraping_Scholarshipportal - INFO - Scraped: https://www.scholarshipportal.com/scholarship/scholarships-for-japanese-students
2024-02-16 07:28:46,827 - Scraping_Scholarshipportal - INFO - Scraped: https://www.scholarshipportal.com/scholarship/world-universities-ramsay-postgraduate-scholarship
2024-02-16 07:28:47,628 - WDM - INFO - ====== WebDriver manager ======
2024-02-16 07:28:47,853 - WDM - INFO - Get LATEST chromedriver version for google-chrome
2024-02-16 07:28:47,918 - WDM - INFO - Get LATEST chromedriver version for google-chrome
2024-02-16 07:28:47,985 - WDM - INFO - Driver [/Users/lohithishanbalasubramaniyanstu/.wdm/drivers/chromedriver/mac64/121.0.6167.85/chromedriver-mac-x64/chromedriver] found in cache
2024-02-16 07:29:12,598 - Scraping_Scholarshipportal - INFO - Function Called
2024-02-16 07:29:12,610 - WDM - INFO - ====== WebDriver manager ======
2024-02-16 07:29:12,759 - WDM - INFO - Get LATEST chromedriver version for google-chrome
2024-02-16 07:29:12,823 - WDM - INFO - Get LATEST chromedriver version for google-chrome
2024-02-16 07:29:12,874 - WDM - INFO - Driver [/Users/lohithishanbalasubramaniyanstu/.wdm/drivers/chromedriver/mac64/121.0.6167.85/chromedriver-mac-x64/chromedriver] found in cache
2024-02-16 07:29:23,627 - Scraping_Scholarshipportal - INFO - Scraped page 1
2024-02-16 07:29:31,627 - Scraping_Scholarshipportal - INFO - Scraped page 2
2024-02-16 07:29:39,682 - Scraping_Scholarshipportal - INFO - Scraped page 3
2024-02-16 07:29:47,711 - Scraping_Scholarshipportal - INFO - Scraped page 4
2024-02-16 07:29:54,913 - Scraping_Scholarshipportal - INFO - No more scholarships found: Continuing to scrape details
2024-02-16 07:29:57,338 - Scraping_Scholarshipportal - INFO - Starting...
2024-02-16 07:30:06,944 - Scraping_Scholarshipportal - INFO - Scraped: https://www.scholarshipportal.com/scholarship/individual-travel-grant
2024-02-16 07:30:11,852 - WDM - INFO - ====== WebDriver manager ======
2024-02-16 07:30:12,019 - WDM - INFO - Get LATEST chromedriver version for google-chrome
2024-02-16 07:30:12,225 - WDM - INFO - Get LATEST chromedriver version for google-chrome
2024-02-16 07:30:12,421 - WDM - INFO - Driver [/Users/lohithishanbalasubramaniyanstu/.wdm/drivers/chromedriver/mac64/121.0.6167.85/chromedriver-mac-x64/chromedriver] found in cache
2024-02-16 07:30:12,824 - Scraping_Scholarshipportal - INFO - Scraped: https://www.scholarshipportal.com/scholarship/the-annual-ieltsing-scholarship-1
2024-02-16 07:30:19,813 - Scraping_Scholarshipportal - INFO - Scraped: https://www.scholarshipportal.com/scholarship/empowering-ghanaian-students-yaqoob-scholarships-by-shirinieorg-1
2024-02-16 07:30:24,849 - Scraping_Scholarshipportal - INFO - Scraped: https://www.scholarshipportal.com/scholarship/vsbfonds-grant
2024-02-16 07:30:34,550 - Scraping_Scholarshipportal - INFO - Scraped: https://www.scholarshipportal.com/scholarship/scholarships-for-japanese-students
2024-02-16 07:30:41,652 - Scraping_Scholarshipportal - INFO - Scraped: https://www.scholarshipportal.com/scholarship/world-universities-ramsay-postgraduate-scholarship
2024-02-16 07:30:45,349 - WDM - INFO - ====== WebDriver manager ======
2024-02-16 07:30:45,457 - WDM - INFO - Get LATEST chromedriver version for google-chrome
2024-02-16 07:30:45,506 - WDM - INFO - Get LATEST chromedriver version for google-chrome
2024-02-16 07:30:45,543 - WDM - INFO - Driver [/Users/lohithishanbalasubramaniyanstu/.wdm/drivers/chromedriver/mac64/121.0.6167.85/chromedriver-mac-x64/chromedriver] found in cache
2024-02-16 07:30:46,149 - Scraping_Scholarshipportal - INFO - Scraped: https://www.scholarshipportal.com/scholarship/vrl-scholarship-program
2024-02-16 07:30:56,173 - Scraping_Scholarshipportal - INFO - Scraped: https://www.scholarshipportal.com/scholarship/aapg-foundation-grants-in-aid
2024-02-16 07:31:04,779 - Scraping_Scholarshipportal - INFO - Scraped: https://www.scholarshipportal.com/scholarship/high-school-essay-contest
2024-02-16 07:31:07,661 - WDM - INFO - ====== WebDriver manager ======
2024-02-16 07:31:07,808 - WDM - INFO - Get LATEST chromedriver version for google-chrome
2024-02-16 07:31:07,935 - WDM - INFO - Get LATEST chromedriver version for google-chrome
2024-02-16 07:31:07,975 - WDM - INFO - Driver [/Users/lohithishanbalasubramaniyanstu/.wdm/drivers/chromedriver/mac64/121.0.6167.85/chromedriver-mac-x64/chromedriver] found in cache
2024-02-16 07:31:13,294 - Scraping_Scholarshipportal - INFO - Scraped: https://www.scholarshipportal.com/scholarship/pearl-lemon-scholarship
2024-02-16 07:31:19,135 - Scraping_Scholarshipportal - INFO - Scraped: https://www.scholarshipportal.com/scholarship/the-hope-for-healing-scholarship
2024-02-16 07:31:26,227 - Scraping_Scholarshipportal - INFO - Scraped: https://www.scholarshipportal.com/scholarship/dr-martin-blank-syb-scholarship
2024-02-16 07:31:33,207 - Scraping_Scholarshipportal - INFO - Scraped: https://www.scholarshipportal.com/scholarship/drs-anthony-and-joanne-edmonds-study-abroad-scholarship
2024-02-16 07:31:40,692 - Scraping_Scholarshipportal - INFO - Scraped: https://www.scholarshipportal.com/scholarship/visionary-women-scholarship
2024-02-16 07:31:44,645 - WDM - INFO - ====== WebDriver manager ======
2024-02-16 07:31:44,789 - WDM - INFO - Get LATEST chromedriver version for google-chrome
2024-02-16 07:31:44,853 - WDM - INFO - Get LATEST chromedriver version for google-chrome
2024-02-16 07:31:44,922 - WDM - INFO - Driver [/Users/lohithishanbalasubramaniyanstu/.wdm/drivers/chromedriver/mac64/121.0.6167.85/chromedriver-mac-x64/chromedriver] found in cache
2024-02-16 07:31:47,798 - Scraping_Scholarshipportal - INFO - Scraped: https://www.scholarshipportal.com/scholarship/global-diversity-scholarship
2024-02-16 07:31:55,268 - Scraping_Scholarshipportal - INFO - Scraped: https://www.scholarshipportal.com/scholarship/venture-scholarship
2024-02-16 07:32:02,336 - Scraping_Scholarshipportal - INFO - Scraped: https://www.scholarshipportal.com/scholarship/tomorrows-purpose-scholarship
2024-02-16 07:32:09,694 - Scraping_Scholarshipportal - INFO - Scraped: https://www.scholarshipportal.com/scholarship/deans-list-scholarship
2024-02-16 07:32:16,527 - Scraping_Scholarshipportal - INFO - Scraped: https://www.scholarshipportal.com/scholarship/diversity-scholarships
2024-02-16 07:32:19,669 - WDM - INFO - ====== WebDriver manager ======
2024-02-16 07:32:19,789 - WDM - INFO - Get LATEST chromedriver version for google-chrome
2024-02-16 07:32:19,824 - WDM - INFO - Get LATEST chromedriver version for google-chrome
2024-02-16 07:32:19,862 - WDM - INFO - Driver [/Users/lohithishanbalasubramaniyanstu/.wdm/drivers/chromedriver/mac64/121.0.6167.85/chromedriver-mac-x64/chromedriver] found in cache
2024-02-16 07:32:23,423 - Scraping_Scholarshipportal - INFO - Scraped: https://www.scholarshipportal.com/scholarship/merit-scholarships-2
2024-02-16 07:32:30,639 - Scraping_Scholarshipportal - INFO - Scraped: https://www.scholarshipportal.com/scholarship/anonymous-hope-fund-1
2024-02-16 07:32:38,040 - Scraping_Scholarshipportal - INFO - Scraped: https://www.scholarshipportal.com/scholarship/erasmus-mundus-joint-masters-scholarships
2024-02-16 07:32:44,826 - Scraping_Scholarshipportal - INFO - Scraped: https://www.scholarshipportal.com/scholarship/ntu-university-scholars-programme-ntu-usp-scholarship-1
2024-02-16 07:32:52,004 - Scraping_Scholarshipportal - INFO - Scraped: https://www.scholarshipportal.com/scholarship/global-business-scholarship-at-s-p-jain-school-of-global-management-1
2024-02-16 07:32:55,459 - WDM - INFO - ====== WebDriver manager ======
2024-02-16 07:32:55,582 - WDM - INFO - Get LATEST chromedriver version for google-chrome
2024-02-16 07:32:55,646 - WDM - INFO - Get LATEST chromedriver version for google-chrome
2024-02-16 07:32:55,679 - WDM - INFO - Driver [/Users/lohithishanbalasubramaniyanstu/.wdm/drivers/chromedriver/mac64/121.0.6167.85/chromedriver-mac-x64/chromedriver] found in cache
2024-02-16 07:32:59,785 - Scraping_Scholarshipportal - INFO - Scraped: https://www.scholarshipportal.com/scholarship/school-scholarship-nanyang-technological-university-1
2024-02-16 07:33:06,873 - Scraping_Scholarshipportal - INFO - Scraped: https://www.scholarshipportal.com/scholarship/hdb-mid-term-scholarship
2024-02-16 07:33:13,651 - Scraping_Scholarshipportal - INFO - Scraped: https://www.scholarshipportal.com/scholarship/the-hdb-undergraduate-scholarship-1
2024-02-16 07:33:17,476 - WDM - INFO - ====== WebDriver manager ======
2024-02-16 07:33:17,571 - WDM - INFO - Get LATEST chromedriver version for google-chrome
2024-02-16 07:33:17,628 - WDM - INFO - Get LATEST chromedriver version for google-chrome
2024-02-16 07:33:17,671 - WDM - INFO - Driver [/Users/lohithishanbalasubramaniyanstu/.wdm/drivers/chromedriver/mac64/121.0.6167.85/chromedriver-mac-x64/chromedriver] found in cache
2024-02-16 07:33:20,286 - Scraping_Scholarshipportal - INFO - Scraped: https://www.scholarshipportal.com/scholarship/lky-step-award-1
2024-02-16 07:33:27,406 - Scraping_Scholarshipportal - INFO - Scraped: https://www.scholarshipportal.com/scholarship/wee-cho-yaw-future-leaders-award-1
2024-02-16 07:33:37,420 - Scraping_Scholarshipportal - INFO - Scraped: https://www.scholarshipportal.com/scholarship/nanyang-scholarship
2024-02-16 07:33:39,683 - WDM - INFO - ====== WebDriver manager ======
2024-02-16 07:33:39,777 - WDM - INFO - Get LATEST chromedriver version for google-chrome
2024-02-16 07:33:39,844 - WDM - INFO - Get LATEST chromedriver version for google-chrome
2024-02-16 07:33:39,879 - WDM - INFO - Driver [/Users/lohithishanbalasubramaniyanstu/.wdm/drivers/chromedriver/mac64/121.0.6167.85/chromedriver-mac-x64/chromedriver] found in cache
2024-02-16 07:33:54,590 - Scraping_Scholarshipportal - INFO - Scraped: https://www.scholarshipportal.com/scholarship/college-scholarship-1
2024-02-16 07:34:42,903 - WDM - INFO - ====== WebDriver manager ======
2024-02-16 07:34:43,040 - WDM - INFO - Get LATEST chromedriver version for google-chrome
2024-02-16 07:34:43,199 - WDM - INFO - Get LATEST chromedriver version for google-chrome
2024-02-16 07:34:43,281 - WDM - INFO - Driver [/Users/lohithishanbalasubramaniyanstu/.wdm/drivers/chromedriver/mac64/121.0.6167.85/chromedriver-mac-x64/chromedriver] found in cache
2024-02-16 07:34:43,736 - Scraping_Scholarshipportal - INFO - Scraped: https://www.scholarshipportal.com/scholarship/education-future-international-scholarship-1
2024-02-16 07:34:52,795 - Scraping_Scholarshipportal - INFO - Scraped: https://www.scholarshipportal.com/scholarship/rotary-foundation-global-scholarship-grants-for-development
2024-02-16 07:35:06,858 - Scraping_Scholarshipportal - INFO - Scraped: https://www.scholarshipportal.com/scholarship/moe-au-scholarship-for-singaporean-students
2024-02-16 07:35:14,188 - Scraping_Scholarshipportal - INFO - Scraped: https://www.scholarshipportal.com/scholarship/chinese-studies-major-scholarship-1
2024-02-16 07:35:16,677 - WDM - INFO - ====== WebDriver manager ======
2024-02-16 07:35:16,773 - WDM - INFO - Get LATEST chromedriver version for google-chrome
2024-02-16 07:35:16,808 - WDM - INFO - Get LATEST chromedriver version for google-chrome
2024-02-16 07:35:16,842 - WDM - INFO - Driver [/Users/lohithishanbalasubramaniyanstu/.wdm/drivers/chromedriver/mac64/121.0.6167.85/chromedriver-mac-x64/chromedriver] found in cache
2024-02-16 07:35:21,438 - Scraping_Scholarshipportal - INFO - Scraped: https://www.scholarshipportal.com/scholarship/wee-kim-wee-legacy-fund-undergraduate-scholarship-1
2024-02-16 07:35:26,319 - Scraping_Scholarshipportal - INFO - Scraped: https://www.scholarshipportal.com/scholarship/scccf-chinese-studies-scholarship-1
2024-02-16 07:35:35,102 - Scraping_Scholarshipportal - INFO - Scraped: https://www.scholarshipportal.com/scholarship/the-cocoa-trees-scholarship-in-chinese-studies-1
2024-02-16 07:35:42,325 - Scraping_Scholarshipportal - INFO - Scraped: https://www.scholarshipportal.com/scholarship/wan-boo-sow-chinese-studies-scholarship-1
2024-02-16 07:35:46,680 - Scraping_Scholarshipportal - INFO - Scraped: https://www.scholarshipportal.com/scholarship/chen-sing-wu-chinese-studies-scholarship-1
2024-02-16 07:35:55,275 - Scraping_Scholarshipportal - INFO - Scraped: https://www.scholarshipportal.com/scholarship/nanyang-scholarship-cn-yang-scholars-programme-1
2024-02-16 07:36:02,227 - Scraping_Scholarshipportal - INFO - Scraped: https://www.scholarshipportal.com/scholarship/renaissance-engineering-programme-scholarship-reps-1
2024-02-16 07:36:09,398 - Scraping_Scholarshipportal - INFO - Scraped: https://www.scholarshipportal.com/scholarship/university-engineering-scholarship-1
2024-02-16 07:36:17,004 - Scraping_Scholarshipportal - INFO - Scraped: https://www.scholarshipportal.com/scholarship/gic-mendaki-scholarship-1
2024-02-16 07:36:19,535 - WDM - INFO - ====== WebDriver manager ======
2024-02-16 07:36:19,627 - WDM - INFO - Get LATEST chromedriver version for google-chrome
2024-02-16 07:36:19,685 - WDM - INFO - Get LATEST chromedriver version for google-chrome
2024-02-16 07:36:19,718 - WDM - INFO - Driver [/Users/lohithishanbalasubramaniyanstu/.wdm/drivers/chromedriver/mac64/121.0.6167.85/chromedriver-mac-x64/chromedriver] found in cache
2024-02-16 07:36:24,960 - Scraping_Scholarshipportal - INFO - Scraped: https://www.scholarshipportal.com/scholarship/gic-scholarship
2024-02-16 07:36:32,097 - Scraping_Scholarshipportal - INFO - Scraped: https://www.scholarshipportal.com/scholarship/singapore-academy-of-law-undergraduate-scholarship-1
2024-02-16 07:36:39,563 - Scraping_Scholarshipportal - INFO - Scraped: https://www.scholarshipportal.com/scholarship/humanities-arts-and-social-sciences-scholarship-1
2024-02-16 07:36:46,312 - Scraping_Scholarshipportal - INFO - Scraped: https://www.scholarshipportal.com/scholarship/spd-study-award-1
2024-02-16 07:36:53,102 - Scraping_Scholarshipportal - INFO - Scraped: https://www.scholarshipportal.com/scholarship/e-w-barker-scholarship
2024-02-16 07:36:56,248 - WDM - INFO - ====== WebDriver manager ======
2024-02-16 07:36:56,340 - WDM - INFO - Get LATEST chromedriver version for google-chrome
2024-02-16 07:36:56,398 - WDM - INFO - Get LATEST chromedriver version for google-chrome
2024-02-16 07:36:56,429 - WDM - INFO - Driver [/Users/lohithishanbalasubramaniyanstu/.wdm/drivers/chromedriver/mac64/121.0.6167.85/chromedriver-mac-x64/chromedriver] found in cache
2024-02-16 07:37:00,139 - Scraping_Scholarshipportal - INFO - Scraped: https://www.scholarshipportal.com/scholarship/toh-kian-chui-scholarship
2024-02-16 07:37:07,177 - Scraping_Scholarshipportal - INFO - Scraped: https://www.scholarshipportal.com/scholarship/lkcmedicine-scholarship-1
2024-02-16 07:37:13,866 - Scraping_Scholarshipportal - INFO - Scraped: https://www.scholarshipportal.com/scholarship/ng-ghit-cheong-foundation-scholarship-1
2024-02-16 07:37:20,780 - Scraping_Scholarshipportal - INFO - Scraped: https://www.scholarshipportal.com/scholarship/irene-tan-liang-kheng-scholarship-1
2024-02-16 07:37:27,578 - Scraping_Scholarshipportal - INFO - Scraped: https://www.scholarshipportal.com/scholarship/sim-yung-chong-medical-scholarship-1
2024-02-16 07:37:31,855 - Scraping_Scholarshipportal - INFO - Ended...
2024-02-16 07:37:52,596 - WDM - INFO - ====== WebDriver manager ======
2024-02-16 07:37:53,478 - WDM - INFO - Get LATEST chromedriver version for google-chrome
2024-02-16 07:37:53,538 - WDM - INFO - Get LATEST chromedriver version for google-chrome
2024-02-16 07:37:53,580 - WDM - INFO - Driver [/Users/lohithishanbalasubramaniyanstu/.wdm/drivers/chromedriver/mac64/121.0.6167.85/chromedriver-mac-x64/chromedriver] found in cache
2024-02-16 07:38:16,954 - WDM - INFO - ====== WebDriver manager ======
2024-02-16 07:38:17,754 - WDM - INFO - Get LATEST chromedriver version for google-chrome
2024-02-16 07:38:17,811 - WDM - INFO - Get LATEST chromedriver version for google-chrome
2024-02-16 07:38:17,852 - WDM - INFO - Driver [/Users/lohithishanbalasubramaniyanstu/.wdm/drivers/chromedriver/mac64/121.0.6167.85/chromedriver-mac-x64/chromedriver] found in cache
2024-02-16 07:38:40,346 - WDM - INFO - ====== WebDriver manager ======
2024-02-16 07:38:40,916 - WDM - INFO - Get LATEST chromedriver version for google-chrome
2024-02-16 07:38:40,989 - WDM - INFO - Get LATEST chromedriver version for google-chrome
2024-02-16 07:38:41,020 - WDM - INFO - Driver [/Users/lohithishanbalasubramaniyanstu/.wdm/drivers/chromedriver/mac64/121.0.6167.85/chromedriver-mac-x64/chromedriver] found in cache
2024-02-16 07:39:06,881 - WDM - INFO - ====== WebDriver manager ======
2024-02-16 07:39:07,618 - WDM - INFO - Get LATEST chromedriver version for google-chrome
2024-02-16 07:39:07,673 - WDM - INFO - Get LATEST chromedriver version for google-chrome
2024-02-16 07:39:07,705 - WDM - INFO - Driver [/Users/lohithishanbalasubramaniyanstu/.wdm/drivers/chromedriver/mac64/121.0.6167.85/chromedriver-mac-x64/chromedriver] found in cache
2024-02-16 07:39:39,086 - WDM - INFO - ====== WebDriver manager ======
2024-02-16 07:39:39,718 - WDM - INFO - Get LATEST chromedriver version for google-chrome
2024-02-16 07:39:39,752 - WDM - INFO - Get LATEST chromedriver version for google-chrome
2024-02-16 07:39:39,787 - WDM - INFO - Driver [/Users/lohithishanbalasubramaniyanstu/.wdm/drivers/chromedriver/mac64/121.0.6167.85/chromedriver-mac-x64/chromedriver] found in cache
2024-02-16 07:40:11,657 - WDM - INFO - ====== WebDriver manager ======
2024-02-16 07:40:12,368 - WDM - INFO - Get LATEST chromedriver version for google-chrome
2024-02-16 07:40:12,405 - WDM - INFO - Get LATEST chromedriver version for google-chrome
2024-02-16 07:40:12,438 - WDM - INFO - Driver [/Users/lohithishanbalasubramaniyanstu/.wdm/drivers/chromedriver/mac64/121.0.6167.85/chromedriver-mac-x64/chromedriver] found in cache
2024-02-16 07:40:38,728 - WDM - INFO - ====== WebDriver manager ======
2024-02-16 07:40:39,376 - WDM - INFO - Get LATEST chromedriver version for google-chrome
2024-02-16 07:40:39,435 - WDM - INFO - Get LATEST chromedriver version for google-chrome
2024-02-16 07:40:39,466 - WDM - INFO - Driver [/Users/lohithishanbalasubramaniyanstu/.wdm/drivers/chromedriver/mac64/121.0.6167.85/chromedriver-mac-x64/chromedriver] found in cache
2024-02-16 07:41:03,606 - WDM - INFO - ====== WebDriver manager ======
2024-02-16 07:41:04,212 - WDM - INFO - Get LATEST chromedriver version for google-chrome
2024-02-16 07:41:04,342 - WDM - INFO - Get LATEST chromedriver version for google-chrome
2024-02-16 07:41:04,377 - WDM - INFO - Driver [/Users/lohithishanbalasubramaniyanstu/.wdm/drivers/chromedriver/mac64/121.0.6167.85/chromedriver-mac-x64/chromedriver] found in cache
2024-02-16 07:42:04,793 - WDM - INFO - ====== WebDriver manager ======
2024-02-16 07:42:05,485 - WDM - INFO - Get LATEST chromedriver version for google-chrome
2024-02-16 07:42:05,542 - WDM - INFO - Get LATEST chromedriver version for google-chrome
2024-02-16 07:42:05,574 - WDM - INFO - Driver [/Users/lohithishanbalasubramaniyanstu/.wdm/drivers/chromedriver/mac64/121.0.6167.85/chromedriver-mac-x64/chromedriver] found in cache
2024-02-16 07:42:24,842 - WDM - INFO - ====== WebDriver manager ======
2024-02-16 07:42:25,548 - WDM - INFO - Get LATEST chromedriver version for google-chrome
2024-02-16 07:42:25,618 - WDM - INFO - Get LATEST chromedriver version for google-chrome
2024-02-16 07:42:25,649 - WDM - INFO - Driver [/Users/lohithishanbalasubramaniyanstu/.wdm/drivers/chromedriver/mac64/121.0.6167.85/chromedriver-mac-x64/chromedriver] found in cache
2024-02-16 07:42:54,809 - WDM - INFO - ====== WebDriver manager ======
2024-02-16 07:42:55,397 - WDM - INFO - Get LATEST chromedriver version for google-chrome
2024-02-16 07:42:55,467 - WDM - INFO - Get LATEST chromedriver version for google-chrome
2024-02-16 07:42:55,502 - WDM - INFO - Driver [/Users/lohithishanbalasubramaniyanstu/.wdm/drivers/chromedriver/mac64/121.0.6167.85/chromedriver-mac-x64/chromedriver] found in cache
2024-02-16 07:43:35,991 - WDM - INFO - ====== WebDriver manager ======
2024-02-16 07:43:36,687 - WDM - INFO - Get LATEST chromedriver version for google-chrome
2024-02-16 07:43:36,737 - WDM - INFO - Get LATEST chromedriver version for google-chrome
2024-02-16 07:43:36,769 - WDM - INFO - Driver [/Users/lohithishanbalasubramaniyanstu/.wdm/drivers/chromedriver/mac64/121.0.6167.85/chromedriver-mac-x64/chromedriver] found in cache
2024-02-16 07:44:03,509 - WDM - INFO - ====== WebDriver manager ======
2024-02-16 07:44:04,116 - WDM - INFO - Get LATEST chromedriver version for google-chrome
2024-02-16 07:44:04,157 - WDM - INFO - Get LATEST chromedriver version for google-chrome
2024-02-16 07:44:04,207 - WDM - INFO - Driver [/Users/lohithishanbalasubramaniyanstu/.wdm/drivers/chromedriver/mac64/121.0.6167.85/chromedriver-mac-x64/chromedriver] found in cache
2024-02-16 07:44:22,270 - WDM - INFO - ====== WebDriver manager ======
2024-02-16 07:44:23,057 - WDM - INFO - Get LATEST chromedriver version for google-chrome
2024-02-16 07:44:23,157 - WDM - INFO - Get LATEST chromedriver version for google-chrome
2024-02-16 07:44:23,192 - WDM - INFO - Driver [/Users/lohithishanbalasubramaniyanstu/.wdm/drivers/chromedriver/mac64/121.0.6167.85/chromedriver-mac-x64/chromedriver] found in cache
2024-02-16 07:44:39,720 - WDM - INFO - ====== WebDriver manager ======
2024-02-16 07:44:40,450 - WDM - INFO - Get LATEST chromedriver version for google-chrome
2024-02-16 07:44:40,519 - WDM - INFO - Get LATEST chromedriver version for google-chrome
2024-02-16 07:44:40,642 - WDM - INFO - Driver [/Users/lohithishanbalasubramaniyanstu/.wdm/drivers/chromedriver/mac64/121.0.6167.85/chromedriver-mac-x64/chromedriver] found in cache
2024-02-16 07:45:18,852 - WDM - INFO - ====== WebDriver manager ======
2024-02-16 07:45:19,367 - WDM - INFO - Get LATEST chromedriver version for google-chrome
2024-02-16 07:45:19,485 - WDM - INFO - Get LATEST chromedriver version for google-chrome
2024-02-16 07:45:19,527 - WDM - INFO - Driver [/Users/lohithishanbalasubramaniyanstu/.wdm/drivers/chromedriver/mac64/121.0.6167.85/chromedriver-mac-x64/chromedriver] found in cache
2024-02-16 07:45:43,794 - WDM - INFO - ====== WebDriver manager ======
2024-02-16 07:45:44,522 - WDM - INFO - Get LATEST chromedriver version for google-chrome
2024-02-16 07:45:44,687 - WDM - INFO - Get LATEST chromedriver version for google-chrome
2024-02-16 07:45:44,726 - WDM - INFO - Driver [/Users/lohithishanbalasubramaniyanstu/.wdm/drivers/chromedriver/mac64/121.0.6167.85/chromedriver-mac-x64/chromedriver] found in cache
2024-02-16 07:46:12,006 - WDM - INFO - ====== WebDriver manager ======
2024-02-16 07:46:12,677 - WDM - INFO - Get LATEST chromedriver version for google-chrome
2024-02-16 07:46:12,716 - WDM - INFO - Get LATEST chromedriver version for google-chrome
2024-02-16 07:46:12,749 - WDM - INFO - Driver [/Users/lohithishanbalasubramaniyanstu/.wdm/drivers/chromedriver/mac64/121.0.6167.85/chromedriver-mac-x64/chromedriver] found in cache
2024-02-16 07:46:59,306 - WDM - INFO - ====== WebDriver manager ======
2024-02-16 07:46:59,871 - WDM - INFO - Get LATEST chromedriver version for google-chrome
2024-02-16 07:46:59,922 - WDM - INFO - Get LATEST chromedriver version for google-chrome
2024-02-16 07:46:59,955 - WDM - INFO - Driver [/Users/lohithishanbalasubramaniyanstu/.wdm/drivers/chromedriver/mac64/121.0.6167.85/chromedriver-mac-x64/chromedriver] found in cache
2024-02-16 07:47:24,001 - WDM - INFO - ====== WebDriver manager ======
2024-02-16 07:47:24,610 - WDM - INFO - Get LATEST chromedriver version for google-chrome
2024-02-16 07:47:24,735 - WDM - INFO - Get LATEST chromedriver version for google-chrome
2024-02-16 07:47:24,784 - WDM - INFO - Driver [/Users/lohithishanbalasubramaniyanstu/.wdm/drivers/chromedriver/mac64/121.0.6167.85/chromedriver-mac-x64/chromedriver] found in cache
2024-02-16 07:47:47,737 - WDM - INFO - ====== WebDriver manager ======
2024-02-16 07:47:48,314 - WDM - INFO - Get LATEST chromedriver version for google-chrome
2024-02-16 07:47:48,380 - WDM - INFO - Get LATEST chromedriver version for google-chrome
2024-02-16 07:47:48,443 - WDM - INFO - Driver [/Users/lohithishanbalasubramaniyanstu/.wdm/drivers/chromedriver/mac64/121.0.6167.85/chromedriver-mac-x64/chromedriver] found in cache
2024-02-16 07:48:05,166 - WDM - INFO - ====== WebDriver manager ======
2024-02-16 07:48:05,808 - WDM - INFO - Get LATEST chromedriver version for google-chrome
2024-02-16 07:48:05,884 - WDM - INFO - Get LATEST chromedriver version for google-chrome
2024-02-16 07:48:05,917 - WDM - INFO - Driver [/Users/lohithishanbalasubramaniyanstu/.wdm/drivers/chromedriver/mac64/121.0.6167.85/chromedriver-mac-x64/chromedriver] found in cache
2024-02-16 07:48:33,282 - WDM - INFO - ====== WebDriver manager ======
2024-02-16 07:48:33,978 - WDM - INFO - Get LATEST chromedriver version for google-chrome
2024-02-16 07:48:34,018 - WDM - INFO - Get LATEST chromedriver version for google-chrome
2024-02-16 07:48:34,050 - WDM - INFO - Driver [/Users/lohithishanbalasubramaniyanstu/.wdm/drivers/chromedriver/mac64/121.0.6167.85/chromedriver-mac-x64/chromedriver] found in cache
2024-02-16 07:49:01,378 - WDM - INFO - ====== WebDriver manager ======
2024-02-16 07:49:01,585 - WDM - INFO - Get LATEST chromedriver version for google-chrome
2024-02-16 07:49:01,623 - WDM - INFO - Get LATEST chromedriver version for google-chrome
2024-02-16 07:49:01,768 - WDM - INFO - Driver [/Users/lohithishanbalasubramaniyanstu/.wdm/drivers/chromedriver/mac64/121.0.6167.85/chromedriver-mac-x64/chromedriver] found in cache
2024-02-16 07:49:18,435 - WDM - INFO - ====== WebDriver manager ======
2024-02-16 07:49:19,132 - WDM - INFO - Get LATEST chromedriver version for google-chrome
2024-02-16 07:49:19,180 - WDM - INFO - Get LATEST chromedriver version for google-chrome
2024-02-16 07:49:19,212 - WDM - INFO - Driver [/Users/lohithishanbalasubramaniyanstu/.wdm/drivers/chromedriver/mac64/121.0.6167.85/chromedriver-mac-x64/chromedriver] found in cache
2024-02-16 07:49:37,638 - WDM - INFO - ====== WebDriver manager ======
2024-02-16 07:49:38,365 - WDM - INFO - Get LATEST chromedriver version for google-chrome
2024-02-16 07:49:39,521 - WDM - INFO - Get LATEST chromedriver version for google-chrome
2024-02-16 07:49:39,569 - WDM - INFO - Driver [/Users/lohithishanbalasubramaniyanstu/.wdm/drivers/chromedriver/mac64/121.0.6167.85/chromedriver-mac-x64/chromedriver] found in cache
2024-02-16 07:49:59,176 - WDM - INFO - ====== WebDriver manager ======
2024-02-16 07:49:59,902 - WDM - INFO - Get LATEST chromedriver version for google-chrome
2024-02-16 07:49:59,954 - WDM - INFO - Get LATEST chromedriver version for google-chrome
2024-02-16 07:49:59,988 - WDM - INFO - Driver [/Users/lohithishanbalasubramaniyanstu/.wdm/drivers/chromedriver/mac64/121.0.6167.85/chromedriver-mac-x64/chromedriver] found in cache
2024-02-16 07:51:13,592 - WDM - INFO - ====== WebDriver manager ======
2024-02-16 07:51:13,751 - WDM - INFO - Get LATEST chromedriver version for google-chrome
2024-02-16 07:51:13,909 - WDM - INFO - Get LATEST chromedriver version for google-chrome
2024-02-16 07:51:13,952 - WDM - INFO - Driver [/Users/lohithishanbalasubramaniyanstu/.wdm/drivers/chromedriver/mac64/121.0.6167.85/chromedriver-mac-x64/chromedriver] found in cache
2024-02-16 07:51:55,476 - WDM - INFO - ====== WebDriver manager ======
2024-02-16 07:51:56,083 - WDM - INFO - Get LATEST chromedriver version for google-chrome
2024-02-16 07:51:56,149 - WDM - INFO - Get LATEST chromedriver version for google-chrome
2024-02-16 07:51:56,194 - WDM - INFO - Driver [/Users/lohithishanbalasubramaniyanstu/.wdm/drivers/chromedriver/mac64/121.0.6167.85/chromedriver-mac-x64/chromedriver] found in cache
2024-02-16 07:52:34,096 - WDM - INFO - ====== WebDriver manager ======
2024-02-16 07:52:34,819 - WDM - INFO - Get LATEST chromedriver version for google-chrome
2024-02-16 07:52:34,890 - WDM - INFO - Get LATEST chromedriver version for google-chrome
2024-02-16 07:52:34,982 - WDM - INFO - Driver [/Users/lohithishanbalasubramaniyanstu/.wdm/drivers/chromedriver/mac64/121.0.6167.85/chromedriver-mac-x64/chromedriver] found in cache
2024-02-16 07:52:53,661 - WDM - INFO - ====== WebDriver manager ======
2024-02-16 07:52:53,797 - WDM - INFO - Get LATEST chromedriver version for google-chrome
2024-02-16 07:52:53,854 - WDM - INFO - Get LATEST chromedriver version for google-chrome
2024-02-16 07:52:53,892 - WDM - INFO - Driver [/Users/lohithishanbalasubramaniyanstu/.wdm/drivers/chromedriver/mac64/121.0.6167.85/chromedriver-mac-x64/chromedriver] found in cache
2024-02-16 07:53:57,217 - WDM - INFO - ====== WebDriver manager ======
2024-02-16 07:53:57,438 - WDM - INFO - Get LATEST chromedriver version for google-chrome
2024-02-16 07:53:57,541 - WDM - INFO - Get LATEST chromedriver version for google-chrome
2024-02-16 07:53:57,608 - WDM - INFO - Driver [/Users/lohithishanbalasubramaniyanstu/.wdm/drivers/chromedriver/mac64/121.0.6167.85/chromedriver-mac-x64/chromedriver] found in cache
2024-02-16 07:54:56,779 - gensim.corpora.dictionary - INFO - adding document #0 to Dictionary<0 unique tokens: []>
2024-02-16 07:54:56,802 - gensim.corpora.dictionary - INFO - built Dictionary<3987 unique tokens: ['academic', 'activity', 'airfareone', 'allowance', 'americacarnegie']...> from 183 documents (total 66474 corpus positions)
2024-02-16 07:54:56,822 - gensim.utils - INFO - Dictionary lifecycle event {'msg': "built Dictionary<3987 unique tokens: ['academic', 'activity', 'airfareone', 'allowance', 'americacarnegie']...> from 183 documents (total 66474 corpus positions)", 'datetime': '2024-02-16T07:54:56.802678', 'gensim': '4.3.2', 'python': '3.11.6 (main, Oct  2 2023, 13:45:54) [Clang 15.0.0 (clang-1500.0.40.1)]', 'platform': 'macOS-14.3-arm64-arm-64bit', 'event': 'created'}
2024-02-16 07:54:56,840 - gensim.models.tfidfmodel - INFO - collecting document frequencies
2024-02-16 07:54:56,840 - gensim.models.tfidfmodel - INFO - PROGRESS: processing document #0
2024-02-16 07:54:56,845 - gensim.utils - INFO - TfidfModel lifecycle event {'msg': 'calculated IDF weights for 183 documents and 3987 features (35076 matrix non-zeros)', 'datetime': '2024-02-16T07:54:56.845765', 'gensim': '4.3.2', 'python': '3.11.6 (main, Oct  2 2023, 13:45:54) [Clang 15.0.0 (clang-1500.0.40.1)]', 'platform': 'macOS-14.3-arm64-arm-64bit', 'event': 'initialize'}
2024-02-16 07:54:56,845 - gensim.corpora.mmcorpus - INFO - storing corpus in Matrix Market format to scholarships_search_model
2024-02-16 07:54:56,846 - gensim.matutils - INFO - saving sparse matrix to scholarships_search_model
2024-02-16 07:54:56,847 - gensim.matutils - INFO - PROGRESS: saving document #0
2024-02-16 07:54:56,891 - gensim.matutils - INFO - saved 183x3987 matrix, density=4.807% (35076/729621)
2024-02-16 07:54:56,891 - gensim.corpora.indexedcorpus - INFO - saving MmCorpus index to scholarships_search_model.index
2024-02-16 07:54:56,894 - gensim.corpora.indexedcorpus - INFO - loaded corpus index from scholarships_search_model.index
2024-02-16 07:54:56,894 - gensim.corpora._mmreader - INFO - initializing cython corpus reader from scholarships_search_model
2024-02-16 07:54:56,894 - gensim.corpora._mmreader - INFO - accepted corpus with 183 documents, 3987 features, 35076 non-zero entries
2024-02-16 07:54:56,894 - gensim.similarities.docsim - INFO - creating matrix with 183 documents and 35076 features
2024-02-16 08:01:08,708 - gensim.corpora.dictionary - INFO - adding document #0 to Dictionary<0 unique tokens: []>
2024-02-16 08:01:08,956 - gensim.corpora.dictionary - INFO - built Dictionary<3987 unique tokens: ['academic', 'activity', 'airfareone', 'allowance', 'americacarnegie']...> from 183 documents (total 66474 corpus positions)
2024-02-16 08:01:08,958 - gensim.utils - INFO - Dictionary lifecycle event {'msg': "built Dictionary<3987 unique tokens: ['academic', 'activity', 'airfareone', 'allowance', 'americacarnegie']...> from 183 documents (total 66474 corpus positions)", 'datetime': '2024-02-16T08:01:08.957716', 'gensim': '4.3.2', 'python': '3.11.6 (main, Oct  2 2023, 13:45:54) [Clang 15.0.0 (clang-1500.0.40.1)]', 'platform': 'macOS-14.3-arm64-arm-64bit', 'event': 'created'}
2024-02-16 08:01:08,993 - gensim.models.tfidfmodel - INFO - collecting document frequencies
2024-02-16 08:01:08,993 - gensim.models.tfidfmodel - INFO - PROGRESS: processing document #0
2024-02-16 08:01:09,002 - gensim.utils - INFO - TfidfModel lifecycle event {'msg': 'calculated IDF weights for 183 documents and 3987 features (35076 matrix non-zeros)', 'datetime': '2024-02-16T08:01:09.002369', 'gensim': '4.3.2', 'python': '3.11.6 (main, Oct  2 2023, 13:45:54) [Clang 15.0.0 (clang-1500.0.40.1)]', 'platform': 'macOS-14.3-arm64-arm-64bit', 'event': 'initialize'}
2024-02-16 08:01:09,003 - gensim.corpora.mmcorpus - INFO - storing corpus in Matrix Market format to scholarships_search_model
2024-02-16 08:01:09,004 - gensim.matutils - INFO - saving sparse matrix to scholarships_search_model
2024-02-16 08:01:09,005 - gensim.matutils - INFO - PROGRESS: saving document #0
2024-02-16 08:01:09,069 - gensim.matutils - INFO - saved 183x3987 matrix, density=4.807% (35076/729621)
2024-02-16 08:01:09,069 - gensim.corpora.indexedcorpus - INFO - saving MmCorpus index to scholarships_search_model.index
2024-02-16 08:01:09,074 - gensim.corpora.indexedcorpus - INFO - loaded corpus index from scholarships_search_model.index
2024-02-16 08:01:09,075 - gensim.corpora._mmreader - INFO - initializing cython corpus reader from scholarships_search_model
2024-02-16 08:01:09,075 - gensim.corpora._mmreader - INFO - accepted corpus with 183 documents, 3987 features, 35076 non-zero entries
2024-02-16 08:01:09,075 - gensim.similarities.docsim - INFO - creating matrix with 183 documents and 35076 features
